<?xml version="1.0" encoding="UTF-8"?>
<testsuite xmlns:xsi="http://www.w3.org/2001/XMLSchema-instance" xsi:noNamespaceSchemaLocation="https://maven.apache.org/surefire/maven-surefire-plugin/xsd/surefire-test-report-3.0.xsd" version="3.0" name="com.mycompany.customermanagement.CustomerManagementTest" time="0.091" tests="7" errors="0" skipped="0" failures="0">
  <properties>
[...]
</properties>
  <testcase name="testCustomerDetails" classname="com.mycompany.customermanagement.CustomerManagementTest" time="0.043"/>
  <testcase name="testCashPaymentChange" classname="com.mycompany.customermanagement.CustomerManagementTest" time="0.003"/>
  <testcase name="testCreditAuthorization" classname="com.mycompany.customermanagement.CustomerManagementTest" time="0.003"/>
  <testcase name="testItemInStock" classname="com.mycompany.customermanagement.CustomerManagementTest" time="0.002"/>
  <testcase name="testOrderSubTotal" classname="com.mycompany.customermanagement.CustomerManagementTest" time="0.003"/>
  <testcase name="testCheckAuthorization" classname="com.mycompany.customermanagement.CustomerManagementTest" time="0.002"/>
  <testcase name="testOrderTax" classname="com.mycompany.customermanagement.CustomerManagementTest" time="0.0"/>
</testsuite>